2022-02-20 19:16:22.762  INFO 54832 --- [main] _HB_2.Backend.BackendApplication         : Starting BackendApplication using Java 15.0.1 on DESKTOP-TG53H64 with PID 54832 (C:\Users\ybash\OneDrive\Desktop\309 Project\2_hb_2\Backend\Backend\Backend\target\classes started by ybash in C:\Users\ybash\OneDrive\Desktop\309 Project\2_hb_2\Backend\Backend\Backend)
2022-02-20 19:16:22.772  INFO 54832 --- [main] _HB_2.Backend.BackendApplication         : No active profile set, falling back to default profiles: default
2022-02-20 19:16:23.765  INFO 54832 --- [main] .s.d.r.c.RepositoryConfigurationDelegate : Bootstrapping Spring Data JPA repositories in DEFAULT mode.
2022-02-20 19:16:23.831  INFO 54832 --- [main] .s.d.r.c.RepositoryConfigurationDelegate : Finished Spring Data repository scanning in 54 ms. Found 2 JPA repository interfaces.
2022-02-20 19:16:24.543  INFO 54832 --- [main] o.s.b.w.embedded.tomcat.TomcatWebServer  : Tomcat initialized with port(s): 8080 (http)
2022-02-20 19:16:24.559  INFO 54832 --- [main] o.apache.catalina.core.StandardService   : Starting service [Tomcat]
2022-02-20 19:16:24.560  INFO 54832 --- [main] org.apache.catalina.core.StandardEngine  : Starting Servlet engine: [Apache Tomcat/9.0.56]
2022-02-20 19:16:24.715  INFO 54832 --- [main] o.a.c.c.C.[Tomcat].[localhost].[/]       : Initializing Spring embedded WebApplicationContext
2022-02-20 19:16:24.717  INFO 54832 --- [main] w.s.c.ServletWebServerApplicationContext : Root WebApplicationContext: initialization completed in 1857 ms
2022-02-20 19:16:25.020  INFO 54832 --- [main] o.hibernate.jpa.internal.util.LogHelper  : HHH000204: Processing PersistenceUnitInfo [name: default]
2022-02-20 19:16:25.109  INFO 54832 --- [main] org.hibernate.Version                    : HHH000412: Hibernate ORM core version 5.6.4.Final
2022-02-20 19:16:25.395  INFO 54832 --- [main] o.hibernate.annotations.common.Version   : HCANN000001: Hibernate Commons Annotations {5.1.2.Final}
2022-02-20 19:16:25.566  INFO 54832 --- [main] com.zaxxer.hikari.HikariDataSource       : HikariPool-1 - Starting...
2022-02-20 19:16:26.426  INFO 54832 --- [main] com.zaxxer.hikari.HikariDataSource       : HikariPool-1 - Start completed.
2022-02-20 19:16:26.462  INFO 54832 --- [main] org.hibernate.dialect.Dialect            : HHH000400: Using dialect: org.hibernate.dialect.MySQL8Dialect
2022-02-20 19:16:27.626  INFO 54832 --- [main] o.h.e.t.j.p.i.JtaPlatformInitiator       : HHH000490: Using JtaPlatform implementation: [org.hibernate.engine.transaction.jta.platform.internal.NoJtaPlatform]
2022-02-20 19:16:27.638  INFO 54832 --- [main] j.LocalContainerEntityManagerFactoryBean : Initialized JPA EntityManagerFactory for persistence unit 'default'
2022-02-20 19:16:28.081  WARN 54832 --- [main] JpaBaseConfiguration$JpaWebConfiguration : spring.jpa.open-in-view is enabled by default. Therefore, database queries may be performed during view rendering. Explicitly configure spring.jpa.open-in-view to disable this warning
2022-02-20 19:16:28.520  INFO 54832 --- [main] o.s.b.w.embedded.tomcat.TomcatWebServer  : Tomcat started on port(s): 8080 (http) with context path ''
2022-02-20 19:16:28.537  INFO 54832 --- [main] _HB_2.Backend.BackendApplication         : Started BackendApplication in 6.456 seconds (JVM running for 8.717)
2022-02-20 19:17:30.212  INFO 54832 --- [http-nio-8080-exec-2] o.a.c.c.C.[Tomcat].[localhost].[/]       : Initializing Spring DispatcherServlet 'dispatcherServlet'
2022-02-20 19:17:30.212  INFO 54832 --- [http-nio-8080-exec-2] o.s.web.servlet.DispatcherServlet        : Initializing Servlet 'dispatcherServlet'
2022-02-20 19:17:30.213  INFO 54832 --- [http-nio-8080-exec-2] o.s.web.servlet.DispatcherServlet        : Completed initialization in 1 ms
2022-02-20 19:19:13.998  INFO 54832 --- [SpringApplicationShutdownHook] j.LocalContainerEntityManagerFactoryBean : Closing JPA EntityManagerFactory for persistence unit 'default'
2022-02-20 19:19:14.001  INFO 54832 --- [SpringApplicationShutdownHook] com.zaxxer.hikari.HikariDataSource       : HikariPool-1 - Shutdown initiated...
2022-02-20 19:19:14.013  INFO 54832 --- [SpringApplicationShutdownHook] com.zaxxer.hikari.HikariDataSource       : HikariPool-1 - Shutdown completed.
2022-02-20 19:19:25.711  INFO 33828 --- [main] _HB_2.Backend.BackendApplication         : Starting BackendApplication using Java 15.0.1 on DESKTOP-TG53H64 with PID 33828 (C:\Users\ybash\OneDrive\Desktop\309 Project\2_hb_2\Backend\Backend\Backend\target\classes started by ybash in C:\Users\ybash\OneDrive\Desktop\309 Project\2_hb_2\Backend\Backend\Backend)
2022-02-20 19:19:25.714  INFO 33828 --- [main] _HB_2.Backend.BackendApplication         : No active profile set, falling back to default profiles: default
2022-02-20 19:19:26.313  INFO 33828 --- [main] .s.d.r.c.RepositoryConfigurationDelegate : Bootstrapping Spring Data JPA repositories in DEFAULT mode.
2022-02-20 19:19:26.357  INFO 33828 --- [main] .s.d.r.c.RepositoryConfigurationDelegate : Finished Spring Data repository scanning in 35 ms. Found 2 JPA repository interfaces.
2022-02-20 19:19:26.706  INFO 33828 --- [main] o.s.b.w.embedded.tomcat.TomcatWebServer  : Tomcat initialized with port(s): 8080 (http)
2022-02-20 19:19:26.716  INFO 33828 --- [main] o.apache.catalina.core.StandardService   : Starting service [Tomcat]
2022-02-20 19:19:26.716  INFO 33828 --- [main] org.apache.catalina.core.StandardEngine  : Starting Servlet engine: [Apache Tomcat/9.0.56]
2022-02-20 19:19:26.809  INFO 33828 --- [main] o.a.c.c.C.[Tomcat].[localhost].[/]       : Initializing Spring embedded WebApplicationContext
2022-02-20 19:19:26.810  INFO 33828 --- [main] w.s.c.ServletWebServerApplicationContext : Root WebApplicationContext: initialization completed in 1045 ms
2022-02-20 19:19:26.931  INFO 33828 --- [main] o.hibernate.jpa.internal.util.LogHelper  : HHH000204: Processing PersistenceUnitInfo [name: default]
2022-02-20 19:19:26.990  INFO 33828 --- [main] org.hibernate.Version                    : HHH000412: Hibernate ORM core version 5.6.4.Final
2022-02-20 19:19:27.115  INFO 33828 --- [main] o.hibernate.annotations.common.Version   : HCANN000001: Hibernate Commons Annotations {5.1.2.Final}
2022-02-20 19:19:27.193  INFO 33828 --- [main] com.zaxxer.hikari.HikariDataSource       : HikariPool-1 - Starting...
2022-02-20 19:19:27.495  INFO 33828 --- [main] com.zaxxer.hikari.HikariDataSource       : HikariPool-1 - Start completed.
2022-02-20 19:19:27.509  INFO 33828 --- [main] org.hibernate.dialect.Dialect            : HHH000400: Using dialect: org.hibernate.dialect.MySQL8Dialect
2022-02-20 19:19:27.999  INFO 33828 --- [main] o.h.e.t.j.p.i.JtaPlatformInitiator       : HHH000490: Using JtaPlatform implementation: [org.hibernate.engine.transaction.jta.platform.internal.NoJtaPlatform]
2022-02-20 19:19:28.013  INFO 33828 --- [main] j.LocalContainerEntityManagerFactoryBean : Initialized JPA EntityManagerFactory for persistence unit 'default'
2022-02-20 19:19:28.284  WARN 33828 --- [main] JpaBaseConfiguration$JpaWebConfiguration : spring.jpa.open-in-view is enabled by default. Therefore, database queries may be performed during view rendering. Explicitly configure spring.jpa.open-in-view to disable this warning
2022-02-20 19:19:28.574  INFO 33828 --- [main] o.s.b.w.embedded.tomcat.TomcatWebServer  : Tomcat started on port(s): 8080 (http) with context path ''
2022-02-20 19:19:28.582  INFO 33828 --- [main] _HB_2.Backend.BackendApplication         : Started BackendApplication in 3.336 seconds (JVM running for 4.143)
2022-02-20 19:20:03.367  INFO 33828 --- [SpringApplicationShutdownHook] j.LocalContainerEntityManagerFactoryBean : Closing JPA EntityManagerFactory for persistence unit 'default'
2022-02-20 19:20:03.370  INFO 33828 --- [SpringApplicationShutdownHook] com.zaxxer.hikari.HikariDataSource       : HikariPool-1 - Shutdown initiated...
2022-02-20 19:20:03.380  INFO 33828 --- [SpringApplicationShutdownHook] com.zaxxer.hikari.HikariDataSource       : HikariPool-1 - Shutdown completed.
